<?xml version="1.0" encoding="UTF-8"?>
<!-- Generated by org.testng.reporters.JUnitReportReporter -->
<testsuite hostname="Fargabs-MacBook-Pro.local" failures="0" tests="1" name="gobaltek.ny.runner.MyRunner" time="4.091" errors="0" timestamp="24 Nov 2023 15:31:14 GMT" skipped="0">
  <testcase classname="gobaltek.ny.runner.MyRunner" name="runScenario" time="4.091"/>
</testsuite> <!-- gobaltek.ny.runner.MyRunner -->
